# JRE version: OpenJDK Runtime Environment (17.0.11) (build 17.0.11+0-17.0.11b1207.24-11852314)
# Java VM: OpenJDK 64-Bit Server VM (17.0.11+0-17.0.11b1207.24-11852314, mixed mode, tiered, compressed oops, compressed class ptrs, g1 gc, bsd-amd64)
GC Precious Log:
 CPUs: 4 total, 4 available
 Memory: 8192M
 Large Page Support: Disabled
 NUMA Support: Disabled
 Compressed Oops: Enabled (Zero based)
 Heap Region Size: 1M
 Heap Min Capacity: 8M
 Heap Initial Capacity: 128M
 Heap Max Capacity: 2G
 Pre-touch: Disabled
 Parallel Workers: 4
 Concurrent Workers: 1
 Concurrent Refinement Workers: 4
 Periodic GC: Disabled
Heap:
 garbage-first heap   total 418816K, used 157851K [0x0000000780000000, 0x0000000800000000)
  region size 1024K, 33 young (33792K), 5 survivors (5120K)
 Metaspace       used 160733K, committed 162560K, reserved 1245184K
  class space    used 22024K, committed 22912K, reserved 1048576K
GC Heap History (20 events):
Event: 15767.998 GC heap before
{Heap before GC invocations=76 (full 1):
 garbage-first heap   total 342016K, used 258396K [0x0000000780000000, 0x0000000800000000)
  region size 1024K, 161 young (164864K), 13 survivors (13312K)
 Metaspace       used 156851K, committed 158976K, reserved 1245184K
  class space    used 21565K, committed 22464K, reserved 1048576K
}
Event: 15768.049 GC heap after
{Heap after GC invocations=77 (full 1):
 garbage-first heap   total 342016K, used 113875K [0x0000000780000000, 0x0000000800000000)
  region size 1024K, 6 young (6144K), 6 survivors (6144K)
 Metaspace       used 156851K, committed 158976K, reserved 1245184K
  class space    used 21565K, committed 22464K, reserved 1048576K
}
Event: 15768.139 GC heap before
{Heap before GC invocations=77 (full 1):
 garbage-first heap   total 342016K, used 125139K [0x0000000780000000, 0x0000000800000000)
  region size 1024K, 16 young (16384K), 6 survivors (6144K)
 Metaspace       used 156924K, committed 158976K, reserved 1245184K
  class space    used 21565K, committed 22464K, reserved 1048576K
}
Event: 15768.159 GC heap after
{Heap after GC invocations=78 (full 1):
 garbage-first heap   total 342016K, used 118377K [0x0000000780000000, 0x0000000800000000)
  region size 1024K, 2 young (2048K), 2 survivors (2048K)
 Metaspace       used 156924K, committed 158976K, reserved 1245184K
  class space    used 21565K, committed 22464K, reserved 1048576K
}
Event: 17735.197 GC heap before
{Heap before GC invocations=78 (full 1):
 garbage-first heap   total 342016K, used 273001K [0x0000000780000000, 0x0000000800000000)
  region size 1024K, 154 young (157696K), 2 survivors (2048K)
 Metaspace       used 157670K, committed 159232K, reserved 1245184K
  class space    used 21638K, committed 22464K, reserved 1048576K
}
Event: 17735.295 GC heap after
{Heap after GC invocations=79 (full 1):
 garbage-first heap   total 342016K, used 136462K [0x0000000780000000, 0x0000000800000000)
  region size 1024K, 20 young (20480K), 20 survivors (20480K)
 Metaspace       used 157670K, committed 159232K, reserved 1245184K
  class space    used 21638K, committed 22464K, reserved 1048576K
}
Event: 18469.198 GC heap before
{Heap before GC invocations=80 (full 1):
 garbage-first heap   total 342016K, used 268558K [0x0000000780000000, 0x0000000800000000)
  region size 1024K, 150 young (153600K), 20 survivors (20480K)
 Metaspace       used 157492K, committed 159296K, reserved 1245184K
  class space    used 21533K, committed 22464K, reserved 1048576K
}
Event: 18469.456 GC heap after
{Heap after GC invocations=81 (full 1):
 garbage-first heap   total 342016K, used 144055K [0x0000000780000000, 0x0000000800000000)
  region size 1024K, 13 young (13312K), 13 survivors (13312K)
 Metaspace       used 157492K, committed 159296K, reserved 1245184K
  class space    used 21533K, committed 22464K, reserved 1048576K
}
Event: 18469.522 GC heap before
{Heap before GC invocations=81 (full 1):
 garbage-first heap   total 342016K, used 147127K [0x0000000780000000, 0x0000000800000000)
  region size 1024K, 16 young (16384K), 13 survivors (13312K)
 Metaspace       used 157529K, committed 159296K, reserved 1245184K
  class space    used 21533K, committed 22464K, reserved 1048576K
}
Event: 18469.609 GC heap after
{Heap after GC invocations=82 (full 1):
 garbage-first heap   total 342016K, used 143465K [0x0000000780000000, 0x0000000800000000)
  region size 1024K, 2 young (2048K), 2 survivors (2048K)
 Metaspace       used 157529K, committed 159296K, reserved 1245184K
  class space    used 21533K, committed 22464K, reserved 1048576K
}
Event: 18478.695 GC heap before
{Heap before GC invocations=82 (full 1):
 garbage-first heap   total 342016K, used 259177K [0x0000000780000000, 0x0000000800000000)
  region size 1024K, 117 young (119808K), 2 survivors (2048K)
 Metaspace       used 157854K, committed 159424K, reserved 1245184K
  class space    used 21573K, committed 22464K, reserved 1048576K
}
Event: 18478.712 GC heap after
{Heap after GC invocations=83 (full 1):
 garbage-first heap   total 342016K, used 146855K [0x0000000780000000, 0x0000000800000000)
  region size 1024K, 6 young (6144K), 6 survivors (6144K)
 Metaspace       used 157854K, committed 159424K, reserved 1245184K
  class space    used 21573K, committed 22464K, reserved 1048576K
}
Event: 18479.721 GC heap before
{Heap before GC invocations=83 (full 1):
 garbage-first heap   total 418816K, used 259495K [0x0000000780000000, 0x0000000800000000)
  region size 1024K, 129 young (132096K), 6 survivors (6144K)
 Metaspace       used 158560K, committed 160128K, reserved 1245184K
  class space    used 21659K, committed 22464K, reserved 1048576K
}
Event: 18479.740 GC heap after
{Heap after GC invocations=84 (full 1):
 garbage-first heap   total 418816K, used 141872K [0x0000000780000000, 0x0000000800000000)
  region size 1024K, 15 young (15360K), 15 survivors (15360K)
 Metaspace       used 158560K, committed 160128K, reserved 1245184K
  class space    used 21659K, committed 22464K, reserved 1048576K
}
Event: 18783.473 GC heap before
{Heap before GC invocations=85 (full 1):
 garbage-first heap   total 418816K, used 344624K [0x0000000780000000, 0x0000000800000000)
  region size 1024K, 199 young (203776K), 15 survivors (15360K)
 Metaspace       used 159063K, committed 160512K, reserved 1245184K
  class space    used 21710K, committed 22464K, reserved 1048576K
}
Event: 18783.520 GC heap after
{Heap after GC invocations=86 (full 1):
 garbage-first heap   total 418816K, used 131311K [0x0000000780000000, 0x0000000800000000)
  region size 1024K, 2 young (2048K), 2 survivors (2048K)
 Metaspace       used 159063K, committed 160512K, reserved 1245184K
  class space    used 21710K, committed 22464K, reserved 1048576K
}
Event: 18853.572 GC heap before
{Heap before GC invocations=86 (full 1):
 garbage-first heap   total 418816K, used 149743K [0x0000000780000000, 0x0000000800000000)
  region size 1024K, 20 young (20480K), 2 survivors (2048K)
 Metaspace       used 159656K, committed 161280K, reserved 1245184K
  class space    used 21853K, committed 22656K, reserved 1048576K
}
Event: 18853.630 GC heap after
{Heap after GC invocations=87 (full 1):
 garbage-first heap   total 418816K, used 128488K [0x0000000780000000, 0x0000000800000000)
  region size 1024K, 3 young (3072K), 3 survivors (3072K)
 Metaspace       used 159656K, committed 161280K, reserved 1245184K
  class space    used 21853K, committed 22656K, reserved 1048576K
}
Event: 19278.105 GC heap before
{Heap before GC invocations=87 (full 1):
 garbage-first heap   total 418816K, used 337384K [0x0000000780000000, 0x0000000800000000)
  region size 1024K, 207 young (211968K), 3 survivors (3072K)
 Metaspace       used 160679K, committed 162560K, reserved 1245184K
  class space    used 22021K, committed 22912K, reserved 1048576K
}
Event: 19278.325 GC heap after
{Heap after GC invocations=88 (full 1):
 garbage-first heap   total 418816K, used 130203K [0x0000000780000000, 0x0000000800000000)
  region size 1024K, 5 young (5120K), 5 survivors (5120K)
 Metaspace       used 160679K, committed 162560K, reserved 1245184K
  class space    used 22021K, committed 22912K, reserved 1048576K
}

